Warning: unknown package "test-app"
Warning: unknown package "test-app"
Warning: unknown package "@nullvoxpopuli/estimate-bytes"
Warning: unknown package "docs"
Warning: unknown package "@nullvoxpopuli/estimate-bytes"
Warning: unknown package "docs"
Warning: unknown package "test-app-definitely-typed"
Warning: unknown package "test-app"
Warning: unknown package "test-app"
Warning: unknown package "docs"
Warning: unknown package "@nullvoxpopuli/estimate-bytes"
Warning: unknown package "test-app"
# Unlabeled Changes

* Other
  * [#1108](https://github.com/NullVoxPopuli/ember-resources/pull/1108) Update release-plan for https://github.com/embroider-build/release-plan/pull/47 ([@NullVoxPopuli](https://github.com/NullVoxPopuli))
  * [#1055](https://github.com/NullVoxPopuli/ember-resources/pull/1055) Set auto-install-peers=false ([@NullVoxPopuli](https://github.com/NullVoxPopuli))
  * [#1047](https://github.com/NullVoxPopuli/ember-resources/pull/1047) Update ci.yml ([@NullVoxPopuli](https://github.com/NullVoxPopuli))
  * [#996](https://github.com/NullVoxPopuli/ember-resources/pull/996) Add TS 5.1 and TS 5.2 to test matrix ([@NullVoxPopuli](https://github.com/NullVoxPopuli))
  * [#991](https://github.com/NullVoxPopuli/ember-resources/pull/991) Use pnpm-args directly ([@NullVoxPopuli](https://github.com/NullVoxPopuli))
  * [#963](https://github.com/NullVoxPopuli/ember-resources/pull/963) Use wyvox/action-setup-pnpm ([@NullVoxPopuli](https://github.com/NullVoxPopuli))
  * [#863](https://github.com/NullVoxPopuli/ember-resources/pull/863) exit beta ([@NullVoxPopuli](https://github.com/NullVoxPopuli))
  * [#842](https://github.com/NullVoxPopuli/ember-resources/pull/842) minor typo in the readme file ([@ciur](https://github.com/ciur))
  * [#830](https://github.com/NullVoxPopuli/ember-resources/pull/830) Add TS 5.0 to support ([@NullVoxPopuli](https://github.com/NullVoxPopuli))
  * [#798](https://github.com/NullVoxPopuli/ember-resources/pull/798) Simplify changelog ([@NullVoxPopuli](https://github.com/NullVoxPopuli))
  * [#795](https://github.com/NullVoxPopuli/ember-resources/pull/795) Test out new pnpm action ([@NullVoxPopuli](https://github.com/NullVoxPopuli))
  * [#781](https://github.com/NullVoxPopuli/ember-resources/pull/781) Due to: https://github.com/changesets/changesets/issues/835 ([@NullVoxPopuli](https://github.com/NullVoxPopuli))
  * [#782](https://github.com/NullVoxPopuli/ember-resources/pull/782) Remove unused packages ([@NullVoxPopuli](https://github.com/NullVoxPopuli))
  * [#589](https://github.com/NullVoxPopuli/ember-resources/pull/589) chore(type-tests): test TS 4.7 features ([@NullVoxPopuli](https://github.com/NullVoxPopuli))
  * [#777](https://github.com/NullVoxPopuli/ember-resources/pull/777) Add @ember/string to test-app ([@NullVoxPopuli](https://github.com/NullVoxPopuli))
  * [#715](https://github.com/NullVoxPopuli/ember-resources/pull/715) Drop older TS as Glint doesn't support it ([@NullVoxPopuli](https://github.com/NullVoxPopuli))
  * [#714](https://github.com/NullVoxPopuli/ember-resources/pull/714) Add TS 4.8 and TS 4.9 to C.I ([@NullVoxPopuli](https://github.com/NullVoxPopuli))
  * [#712](https://github.com/NullVoxPopuli/ember-resources/pull/712) Add ember-source@4.8 to the test matrix ([@NullVoxPopuli](https://github.com/NullVoxPopuli))
  * [#710](https://github.com/NullVoxPopuli/ember-resources/pull/710) Workaround cloudflare issue ([@NullVoxPopuli](https://github.com/NullVoxPopuli))
  * [#687](https://github.com/NullVoxPopuli/ember-resources/pull/687) Update PR title ([@NullVoxPopuli](https://github.com/NullVoxPopuli))
  * [#640](https://github.com/NullVoxPopuli/ember-resources/pull/640) chore(internal, ci): switch to setup-node ([@NullVoxPopuli](https://github.com/NullVoxPopuli))
  * [#633](https://github.com/NullVoxPopuli/ember-resources/pull/633) chore(ci): try new generated files ([@NullVoxPopuli](https://github.com/NullVoxPopuli))
  * [#600](https://github.com/NullVoxPopuli/ember-resources/pull/600) chore(internal): pnpm link not needed ([@NullVoxPopuli](https://github.com/NullVoxPopuli))
  * [#555](https://github.com/NullVoxPopuli/ember-resources/pull/555) chore(ci): use no-frozen-lockfile for try scenarios ([@NullVoxPopuli](https://github.com/NullVoxPopuli))
  * [#537](https://github.com/NullVoxPopuli/ember-resources/pull/537) chore(internal): remove some .of usage in tests ([@NullVoxPopuli](https://github.com/NullVoxPopuli))
  * [#536](https://github.com/NullVoxPopuli/ember-resources/pull/536) chore(internal): copy over estimate-bytes improvements from glint/v5 … ([@NullVoxPopuli](https://github.com/NullVoxPopuli))
  * [#514](https://github.com/NullVoxPopuli/ember-resources/pull/514) chore(internal): try new generated ci ([@NullVoxPopuli](https://github.com/NullVoxPopuli))
  * [#494](https://github.com/NullVoxPopuli/ember-resources/pull/494) chore(ci): add support for ember 4.4 ([@NullVoxPopuli](https://github.com/NullVoxPopuli))
  * [#493](https://github.com/NullVoxPopuli/ember-resources/pull/493) chore: sync workflow versions ([@NullVoxPopuli](https://github.com/NullVoxPopuli))
  * [#492](https://github.com/NullVoxPopuli/ember-resources/pull/492) Add floating deps test ([@NullVoxPopuli](https://github.com/NullVoxPopuli))
  * [#407](https://github.com/NullVoxPopuli/ember-resources/pull/407) fix: `@ember/test-waiters` must be a peer dependency ([@NullVoxPopuli](https://github.com/NullVoxPopuli))
  * [#324](https://github.com/NullVoxPopuli/ember-resources/pull/324) chore(internal): re-roll lockfile, update a couple depndencies ([@NullVoxPopuli](https://github.com/NullVoxPopuli))
  * [#268](https://github.com/NullVoxPopuli/ember-resources/pull/268) fix(internal): use correct config for the tooling lints ([@NullVoxPopuli](https://github.com/NullVoxPopuli))
  * [#168](https://github.com/NullVoxPopuli/ember-resources/pull/168) fix(types): useResource types now reflect that you *can* make non-rea… ([@NullVoxPopuli](https://github.com/NullVoxPopuli))
  * [#144](https://github.com/NullVoxPopuli/ember-resources/pull/144) Introduce useHelper, update automation blueprint ([@NullVoxPopuli](https://github.com/NullVoxPopuli))
  * [#120](https://github.com/NullVoxPopuli/ember-resources/pull/120) doc(#90): cross link other addons ([@MichalBryxi](https://github.com/MichalBryxi))
* `ember-resources`
  * [#1075](https://github.com/NullVoxPopuli/ember-resources/pull/1075) Deprecate / move Link ([@NullVoxPopuli](https://github.com/NullVoxPopuli))
  * [#1022](https://github.com/NullVoxPopuli/ember-resources/pull/1022) Release Preview ([@github-actions[bot]](https://github.com/apps/github-actions))
  * [#1019](https://github.com/NullVoxPopuli/ember-resources/pull/1019) Fix keepLatest types ([@wagenet](https://github.com/wagenet))
  * [#1020](https://github.com/NullVoxPopuli/ember-resources/pull/1020) lint:fix ([@NullVoxPopuli](https://github.com/NullVoxPopuli))
  * [#1015](https://github.com/NullVoxPopuli/ember-resources/pull/1015) Release Preview ([@github-actions[bot]](https://github.com/apps/github-actions))
  * [#1009](https://github.com/NullVoxPopuli/ember-resources/pull/1009) fix: typo in use doc ([@StephanH90](https://github.com/StephanH90))
  * [#1007](https://github.com/NullVoxPopuli/ember-resources/pull/1007) fix: bugs in trackedFunction docs ([@BoussonKarel](https://github.com/BoussonKarel))
  * [#979](https://github.com/NullVoxPopuli/ember-resources/pull/979) Release Preview ([@github-actions[bot]](https://github.com/apps/github-actions))
  * [#962](https://github.com/NullVoxPopuli/ember-resources/pull/962) Release Preview ([@github-actions[bot]](https://github.com/apps/github-actions))
  * [#954](https://github.com/NullVoxPopuli/ember-resources/pull/954) Release Preview ([@github-actions[bot]](https://github.com/apps/github-actions))
  * [#948](https://github.com/NullVoxPopuli/ember-resources/pull/948) Release Preview ([@github-actions[bot]](https://github.com/apps/github-actions))
  * [#947](https://github.com/NullVoxPopuli/ember-resources/pull/947) Update function-based resource in-editor docs ([@NullVoxPopuli](https://github.com/NullVoxPopuli))
  * [#942](https://github.com/NullVoxPopuli/ember-resources/pull/942) Release Preview ([@github-actions[bot]](https://github.com/apps/github-actions))
  * [#940](https://github.com/NullVoxPopuli/ember-resources/pull/940) Release Preview ([@github-actions[bot]](https://github.com/apps/github-actions))
  * [#926](https://github.com/NullVoxPopuli/ember-resources/pull/926) Release Preview ([@github-actions[bot]](https://github.com/apps/github-actions))
  * [#920](https://github.com/NullVoxPopuli/ember-resources/pull/920) Fix typos, add links, specify use ([@NullVoxPopuli](https://github.com/NullVoxPopuli))
  * [#904](https://github.com/NullVoxPopuli/ember-resources/pull/904) docs: Fix type issue in docs ([@johanrd](https://github.com/johanrd))
  * [#875](https://github.com/NullVoxPopuli/ember-resources/pull/875) Release Preview ([@github-actions[bot]](https://github.com/apps/github-actions))
  * [#864](https://github.com/NullVoxPopuli/ember-resources/pull/864) Release Preview ([@github-actions[bot]](https://github.com/apps/github-actions))
  * [#839](https://github.com/NullVoxPopuli/ember-resources/pull/839) Release Preview (beta) ([@github-actions[bot]](https://github.com/apps/github-actions))
  * [#827](https://github.com/NullVoxPopuli/ember-resources/pull/827) Release Preview (beta) ([@github-actions[bot]](https://github.com/apps/github-actions))
  * [#819](https://github.com/NullVoxPopuli/ember-resources/pull/819) Release Preview (beta) ([@github-actions[bot]](https://github.com/apps/github-actions))
  * [#818](https://github.com/NullVoxPopuli/ember-resources/pull/818) Support text conversion with RemoteData ([@NullVoxPopuli](https://github.com/NullVoxPopuli))
  * [#817](https://github.com/NullVoxPopuli/ember-resources/pull/817) Release Preview (beta) ([@github-actions[bot]](https://github.com/apps/github-actions))
  * [#815](https://github.com/NullVoxPopuli/ember-resources/pull/815) Update remotedata ([@NullVoxPopuli](https://github.com/NullVoxPopuli))
  * [#812](https://github.com/NullVoxPopuli/ember-resources/pull/812) Release Preview (beta) ([@github-actions[bot]](https://github.com/apps/github-actions))
  * [#790](https://github.com/NullVoxPopuli/ember-resources/pull/790) Release Preview (beta) ([@github-actions[bot]](https://github.com/apps/github-actions))
  * [#807](https://github.com/NullVoxPopuli/ember-resources/pull/807) Minor tweaks to trackedFunction ([@NullVoxPopuli](https://github.com/NullVoxPopuli))
  * [#791](https://github.com/NullVoxPopuli/ember-resources/pull/791) Add aliases to trackedFunction ([@NullVoxPopuli](https://github.com/NullVoxPopuli))
  * [#770](https://github.com/NullVoxPopuli/ember-resources/pull/770) Release Preview (beta) ([@github-actions[bot]](https://github.com/apps/github-actions))
  * [#779](https://github.com/NullVoxPopuli/ember-resources/pull/779) Improvements to trackedFunction and State ([@NullVoxPopuli](https://github.com/NullVoxPopuli))
  * [#778](https://github.com/NullVoxPopuli/ember-resources/pull/778) Use @tsconfig/ember for type checking config (strictest settings) ([@NullVoxPopuli](https://github.com/NullVoxPopuli))
  * [#736](https://github.com/NullVoxPopuli/ember-resources/pull/736) Update linting ([@NullVoxPopuli](https://github.com/NullVoxPopuli))
  * [#776](https://github.com/NullVoxPopuli/ember-resources/pull/776) Upgrade glint ([@NullVoxPopuli](https://github.com/NullVoxPopuli))
  * [#771](https://github.com/NullVoxPopuli/ember-resources/pull/771) Push the built contents of the npm package to a branch on every commit to main ([@kategengler](https://github.com/kategengler))
  * [#769](https://github.com/NullVoxPopuli/ember-resources/pull/769) fix: typo in map.ts error message ([@GreatWizard](https://github.com/GreatWizard))
  * [#744](https://github.com/NullVoxPopuli/ember-resources/pull/744) Fix polling helper example in CHANGELOG ([@sukima](https://github.com/sukima))
  * [#743](https://github.com/NullVoxPopuli/ember-resources/pull/743) Release Preview ([@github-actions[bot]](https://github.com/apps/github-actions))
  * [#742](https://github.com/NullVoxPopuli/ember-resources/pull/742) Fix: cleanup not called when using factory/blueprint utility ([@NullVoxPopuli](https://github.com/NullVoxPopuli))
  * [#686](https://github.com/NullVoxPopuli/ember-resources/pull/686) Release Preview ([@github-actions[bot]](https://github.com/apps/github-actions))
  * [#684](https://github.com/NullVoxPopuli/ember-resources/pull/684) Switch to changeset, from semantic-release ([@NullVoxPopuli](https://github.com/NullVoxPopuli))
  * [#665](https://github.com/NullVoxPopuli/ember-resources/pull/665) feat(trackedFunction): add a retry method ([@NullVoxPopuli](https://github.com/NullVoxPopuli))
  * [#663](https://github.com/NullVoxPopuli/ember-resources/pull/663) feat(cell): add update method to Cell class ([@NullVoxPopuli](https://github.com/NullVoxPopuli))
  * [#648](https://github.com/NullVoxPopuli/ember-resources/pull/648) chore(internal): test app and ember-resources don't need terser ([@NullVoxPopuli](https://github.com/NullVoxPopuli))
  * [#632](https://github.com/NullVoxPopuli/ember-resources/pull/632) chore(docs): Fixes spelling error ([@iamdtang](https://github.com/iamdtang))
  * [#623](https://github.com/NullVoxPopuli/ember-resources/pull/623) chore(docs): update docs for trackedFunction ([@NullVoxPopuli](https://github.com/NullVoxPopuli))
  * [#620](https://github.com/NullVoxPopuli/ember-resources/pull/620) chore(docs): fix resourceFactory page ([@NullVoxPopuli](https://github.com/NullVoxPopuli))
  * [#604](https://github.com/NullVoxPopuli/ember-resources/pull/604) Fix type inference for the class-based resource thunk types ([@NullVoxPopuli](https://github.com/NullVoxPopuli))
  * [#608](https://github.com/NullVoxPopuli/ember-resources/pull/608) Fix isEmpty logic in keepLatest ([@danwenzel](https://github.com/danwenzel))
  * [#603](https://github.com/NullVoxPopuli/ember-resources/pull/603) Improved glint support with gts / <template> ([@NullVoxPopuli](https://github.com/NullVoxPopuli))
  * [#602](https://github.com/NullVoxPopuli/ember-resources/pull/602) fix(cell): improve typings of the cell utility ([@NullVoxPopuli](https://github.com/NullVoxPopuli))
  * [#601](https://github.com/NullVoxPopuli/ember-resources/pull/601) chore(internal): remove old ember-concurrency@v1 support code ([@NullVoxPopuli](https://github.com/NullVoxPopuli))
  * [#599](https://github.com/NullVoxPopuli/ember-resources/pull/599) Use owner types ([@NullVoxPopuli](https://github.com/NullVoxPopuli))
  * [#579](https://github.com/NullVoxPopuli/ember-resources/pull/579) fix(keepLatest): use consistent condition name ([@NullVoxPopuli](https://github.com/NullVoxPopuli))
  * [#573](https://github.com/NullVoxPopuli/ember-resources/pull/573) add keepLatest util ([@NullVoxPopuli](https://github.com/NullVoxPopuli))
  * [#572](https://github.com/NullVoxPopuli/ember-resources/pull/572) fix resourceFactory ([@NullVoxPopuli](https://github.com/NullVoxPopuli))
  * [#570](https://github.com/NullVoxPopuli/ember-resources/pull/570) feat(util): add cell ([@NullVoxPopuli](https://github.com/NullVoxPopuli))
  * [#546](https://github.com/NullVoxPopuli/ember-resources/pull/546) chore(docs): Fix typo in `map` example ([@HeroicEric](https://github.com/HeroicEric))
  * [#542](https://github.com/NullVoxPopuli/ember-resources/pull/542) fix(package): @glint/template can't be an 'optional' peerDependency -… ([@NullVoxPopuli](https://github.com/NullVoxPopuli))
  * [#538](https://github.com/NullVoxPopuli/ember-resources/pull/538) function-resource refinements ([@NullVoxPopuli](https://github.com/NullVoxPopuli))
  * [#531](https://github.com/NullVoxPopuli/ember-resources/pull/531) fix(function-resource): lifecycle fixes ([@NullVoxPopuli](https://github.com/NullVoxPopuli))
  * [#522](https://github.com/NullVoxPopuli/ember-resources/pull/522) feat: new util: debounce ([@NullVoxPopuli](https://github.com/NullVoxPopuli))
  * [#529](https://github.com/NullVoxPopuli/ember-resources/pull/529) Docs updates ([@NullVoxPopuli](https://github.com/NullVoxPopuli))
  * [#525](https://github.com/NullVoxPopuli/ember-resources/pull/525) Fix typo in example ([@HeroicEric](https://github.com/HeroicEric))
  * [#498](https://github.com/NullVoxPopuli/ember-resources/pull/498) chore(internal): re-work ci to be simpler to maintain ([@NullVoxPopuli](https://github.com/NullVoxPopuli))
  * [#497](https://github.com/NullVoxPopuli/ember-resources/pull/497) chore(internal): single command v2 addon development ([@NullVoxPopuli](https://github.com/NullVoxPopuli))
  * [#495](https://github.com/NullVoxPopuli/ember-resources/pull/495) chore(docs): fix formatting ([@NullVoxPopuli](https://github.com/NullVoxPopuli))
  * [#490](https://github.com/NullVoxPopuli/ember-resources/pull/490) fix(RemoteData, function-resource): wrapped template usage ([@NullVoxPopuli](https://github.com/NullVoxPopuli))
  * [#491](https://github.com/NullVoxPopuli/ember-resources/pull/491) chore: minor cleanup, add convinience scripts ([@NullVoxPopuli](https://github.com/NullVoxPopuli))
  * [#481](https://github.com/NullVoxPopuli/ember-resources/pull/481) chore(docs): demonstrate remoteData without @use ([@NullVoxPopuli](https://github.com/NullVoxPopuli))
  * [#464](https://github.com/NullVoxPopuli/ember-resources/pull/464) Create example RemoteData resource from the Polaris examples ([@NullVoxPopuli](https://github.com/NullVoxPopuli))
  * [#473](https://github.com/NullVoxPopuli/ember-resources/pull/473) chore(docs): update task docs to have correct example ([@NullVoxPopuli](https://github.com/NullVoxPopuli))
  * [#445](https://github.com/NullVoxPopuli/ember-resources/pull/445) fix: add deprecations for the deprecated APIs ([@NullVoxPopuli](https://github.com/NullVoxPopuli))
  * [#437](https://github.com/NullVoxPopuli/ember-resources/pull/437) State-aware trackedFunction + function-based Resources ([@NullVoxPopuli](https://github.com/NullVoxPopuli))
  * [#455](https://github.com/NullVoxPopuli/ember-resources/pull/455) fix(package, types): remove space in version field in typesVersion. R… ([@NullVoxPopuli](https://github.com/NullVoxPopuli))
  * [#454](https://github.com/NullVoxPopuli/ember-resources/pull/454) fix(docs, Resource): there is no second arg passed to the constructor… ([@NullVoxPopuli](https://github.com/NullVoxPopuli))
  * [#453](https://github.com/NullVoxPopuli/ember-resources/pull/453) fix(types): certain typescript scenarios need explicit typesVersions … ([@NullVoxPopuli](https://github.com/NullVoxPopuli))
  * [#442](https://github.com/NullVoxPopuli/ember-resources/pull/442) Move asset size estimation to github action and comment on PR ([@NullVoxPopuli](https://github.com/NullVoxPopuli))
  * [#438](https://github.com/NullVoxPopuli/ember-resources/pull/438) make custom rollup plugin to output stats in a meaningf… ([@NullVoxPopuli](https://github.com/NullVoxPopuli))
  * [#435](https://github.com/NullVoxPopuli/ember-resources/pull/435) chore(internal): upgrade semantic release ([@NullVoxPopuli](https://github.com/NullVoxPopuli))
  * [#413](https://github.com/NullVoxPopuli/ember-resources/pull/413) Try pnpm test waiters peer deps ([@NullVoxPopuli](https://github.com/NullVoxPopuli))
  * [#410](https://github.com/NullVoxPopuli/ember-resources/pull/410) feat: add declaration maps ([@NullVoxPopuli](https://github.com/NullVoxPopuli))
  * [#409](https://github.com/NullVoxPopuli/ember-resources/pull/409) fix: useTask's types not available in some consuming apps ([@NullVoxPopuli](https://github.com/NullVoxPopuli))
  * [#404](https://github.com/NullVoxPopuli/ember-resources/pull/404) Remove type module ([@NullVoxPopuli](https://github.com/NullVoxPopuli))
  * [#366](https://github.com/NullVoxPopuli/ember-resources/pull/366) Try new rollup config ([@NullVoxPopuli](https://github.com/NullVoxPopuli))
  * [#388](https://github.com/NullVoxPopuli/ember-resources/pull/388) chore: upgrade embroider-macros ([@NullVoxPopuli](https://github.com/NullVoxPopuli))
  * [#383](https://github.com/NullVoxPopuli/ember-resources/pull/383) refactor(function-runner): Refactored some Promise lines ([@JimSchofield](https://github.com/JimSchofield))
  * [#384](https://github.com/NullVoxPopuli/ember-resources/pull/384) Revert "chore(deps): update semantic-release monorepo (major)" ([@NullVoxPopuli](https://github.com/NullVoxPopuli))
  * [#369](https://github.com/NullVoxPopuli/ember-resources/pull/369) provide better support for ember-concurrency@v1 ([@NullVoxPopuli](https://github.com/NullVoxPopuli))
  * [#107](https://github.com/NullVoxPopuli/ember-resources/pull/107) @use decorator ([@NullVoxPopuli](https://github.com/NullVoxPopuli))
  * [#307](https://github.com/NullVoxPopuli/ember-resources/pull/307) fix(types): compat with TS 4.5.1 ([@NullVoxPopuli](https://github.com/NullVoxPopuli))
  * [#301](https://github.com/NullVoxPopuli/ember-resources/pull/301) reproduce and fix issue #297 ([@NullVoxPopuli](https://github.com/NullVoxPopuli))
  * [#298](https://github.com/NullVoxPopuli/ember-resources/pull/298) feat: add trackedFunction ([@NullVoxPopuli](https://github.com/NullVoxPopuli))
  * [#284](https://github.com/NullVoxPopuli/ember-resources/pull/284) chore(internal): update deps and make local development easier ([@NullVoxPopuli](https://github.com/NullVoxPopuli))
  * [#272](https://github.com/NullVoxPopuli/ember-resources/pull/272) Re test ember concurrency v1 compatibility ([@NullVoxPopuli](https://github.com/NullVoxPopuli))
  * [#263](https://github.com/NullVoxPopuli/ember-resources/pull/263) Convert to V2 Addon ([@NullVoxPopuli](https://github.com/NullVoxPopuli))
* `docs`
  * [#1060](https://github.com/NullVoxPopuli/ember-resources/pull/1060) docs: Update typedoc.utils.config.json continuation of #1036 ([@johanrd](https://github.com/johanrd))
  * [#1059](https://github.com/NullVoxPopuli/ember-resources/pull/1059) docs: Update typedoc.config.json – possible fix for #1036 ([@johanrd](https://github.com/johanrd))
  * [#1035](https://github.com/NullVoxPopuli/ember-resources/pull/1035) More docs ([@NullVoxPopuli](https://github.com/NullVoxPopuli))
  * [#980](https://github.com/NullVoxPopuli/ember-resources/pull/980) Update typedoc ([@NullVoxPopuli](https://github.com/NullVoxPopuli))
  * [#970](https://github.com/NullVoxPopuli/ember-resources/pull/970) Doc fixes ([@kaermorchen](https://github.com/kaermorchen))
  * [#944](https://github.com/NullVoxPopuli/ember-resources/pull/944) docs: fix typos and inconsistencies ([@simonihmig](https://github.com/simonihmig))
  * [#850](https://github.com/NullVoxPopuli/ember-resources/pull/850) Simplify a ton, overlay the two types of outputs ([@NullVoxPopuli](https://github.com/NullVoxPopuli))
  * [#617](https://github.com/NullVoxPopuli/ember-resources/pull/617) chore(docs): update docs dependencies ([@NullVoxPopuli](https://github.com/NullVoxPopuli))
* `ember-resources`, `test-app`
  * [#1011](https://github.com/NullVoxPopuli/ember-resources/pull/1011) Add some timing tests for trackedFunction ([@NullVoxPopuli](https://github.com/NullVoxPopuli))
  * [#975](https://github.com/NullVoxPopuli/ember-resources/pull/975) Tracked function usable ([@NullVoxPopuli](https://github.com/NullVoxPopuli))
  * [#952](https://github.com/NullVoxPopuli/ember-resources/pull/952) Modifiers ([@NullVoxPopuli](https://github.com/NullVoxPopuli))
  * [#941](https://github.com/NullVoxPopuli/ember-resources/pull/941) Fix rendering a cell directly returned from a resource ([@NullVoxPopuli](https://github.com/NullVoxPopuli))
  * [#925](https://github.com/NullVoxPopuli/ember-resources/pull/925) Fix owner passing in compased factory resources ([@NullVoxPopuli](https://github.com/NullVoxPopuli))
  * [#829](https://github.com/NullVoxPopuli/ember-resources/pull/829) Make ember-async-data a dependency ([@NullVoxPopuli](https://github.com/NullVoxPopuli))
  * [#866](https://github.com/NullVoxPopuli/ember-resources/pull/866) Implement resource composition ([@NullVoxPopuli](https://github.com/NullVoxPopuli))
  * [#868](https://github.com/NullVoxPopuli/ember-resources/pull/868) Test against ember-concurrency@v3 ([@NullVoxPopuli](https://github.com/NullVoxPopuli))
  * [#838](https://github.com/NullVoxPopuli/ember-resources/pull/838) fix: #835 incorrect value returned when last task was dropped ([@NullVoxPopuli](https://github.com/NullVoxPopuli))
  * [#828](https://github.com/NullVoxPopuli/ember-resources/pull/828) ember-async-data@v1 is out, so we can bump ([@NullVoxPopuli](https://github.com/NullVoxPopuli))
  * [#826](https://github.com/NullVoxPopuli/ember-resources/pull/826) Remote data 825 ([@NullVoxPopuli](https://github.com/NullVoxPopuli))
  * [#806](https://github.com/NullVoxPopuli/ember-resources/pull/806) fix: `trackedTask` must return correct last value ([@sergey-zhidkov](https://github.com/sergey-zhidkov))
  * [#794](https://github.com/NullVoxPopuli/ember-resources/pull/794) Add FPS utilities, Closes [#658](https://github.com/NullVoxPopuli/ember-resources/issues/658) ([@NullVoxPopuli](https://github.com/NullVoxPopuli))
  * [#785](https://github.com/NullVoxPopuli/ember-resources/pull/785) Delete util re-exports of core behavior ([@NullVoxPopuli](https://github.com/NullVoxPopuli))
* `test-app`
  * [#1013](https://github.com/NullVoxPopuli/ember-resources/pull/1013) upgrade webpack ([@NullVoxPopuli](https://github.com/NullVoxPopuli))
  * [#995](https://github.com/NullVoxPopuli/ember-resources/pull/995) Add test proving that each layer of composition has an owner ([@NullVoxPopuli](https://github.com/NullVoxPopuli))
  * [#915](https://github.com/NullVoxPopuli/ember-resources/pull/915) Try out ember-qunit's v2-addon beta ([@NullVoxPopuli](https://github.com/NullVoxPopuli))
  * [#865](https://github.com/NullVoxPopuli/ember-resources/pull/865) Support ember 4 12 ([@NullVoxPopuli](https://github.com/NullVoxPopuli))
* `@nullvoxpopuli/estimate-bytes`, `ember-resources`
  * [#976](https://github.com/NullVoxPopuli/ember-resources/pull/976) Refactor, cell was in the wrong folder ([@NullVoxPopuli](https://github.com/NullVoxPopuli))
* `docs`, `ember-resources`, `test-app`
  * [#936](https://github.com/NullVoxPopuli/ember-resources/pull/936) Revamp docs, provide better composition utilities ([@NullVoxPopuli](https://github.com/NullVoxPopuli))
  * [#848](https://github.com/NullVoxPopuli/ember-resources/pull/848) Pnpm 8 ([@NullVoxPopuli](https://github.com/NullVoxPopuli))
* `@nullvoxpopuli/estimate-bytes`
  * [#816](https://github.com/NullVoxPopuli/ember-resources/pull/816) Measure new modules ([@NullVoxPopuli](https://github.com/NullVoxPopuli))
* `@nullvoxpopuli/estimate-bytes`, `test-app`
  * [#784](https://github.com/NullVoxPopuli/ember-resources/pull/784) Reduce v2 addon delta ([@NullVoxPopuli](https://github.com/NullVoxPopuli))
* `docs`, `ember-resources`
  * [#618](https://github.com/NullVoxPopuli/ember-resources/pull/618) Update docs 3 ([@NullVoxPopuli](https://github.com/NullVoxPopuli))
  * [#513](https://github.com/NullVoxPopuli/ember-resources/pull/513) Glint Support, v5 ([@NullVoxPopuli](https://github.com/NullVoxPopuli))
  * [#496](https://github.com/NullVoxPopuli/ember-resources/pull/496) Fix issue with Resource where updates to args were not detected in strict mode ([@NullVoxPopuli](https://github.com/NullVoxPopuli))
  * [#472](https://github.com/NullVoxPopuli/ember-resources/pull/472) Revert "chore(deps): update dependency typescript to v4.6.4" ([@NullVoxPopuli](https://github.com/NullVoxPopuli))
  * [#426](https://github.com/NullVoxPopuli/ember-resources/pull/426) Sync with ecosystem and prepare for v5 ([@NullVoxPopuli](https://github.com/NullVoxPopuli))
  * [#423](https://github.com/NullVoxPopuli/ember-resources/pull/423) chore(deps): update embroider dev packages, ensure caret ([@NullVoxPopuli](https://github.com/NullVoxPopuli))
  * [#361](https://github.com/NullVoxPopuli/ember-resources/pull/361) Clarify "why Resources", add more examples, and what *not* using resources is like.  ([@NullVoxPopuli](https://github.com/NullVoxPopuli))


*Cannot plan release until the above changes are labeled*.
